#
# There is insufficient memory for the Java Runtime Environment to continue.
# Native memory allocation (mmap) failed to map 266338304 bytes. Error detail: G1 virtual space
# Possible reasons:
#   The system is out of physical RAM or swap space
#   This process is running with CompressedOops enabled, and the Java Heap may be blocking the growth of the native heap
# Possible solutions:
#   Reduce memory load on the system
#   Increase physical memory or swap space
#   Check if swap backing store is full
#   Decrease Java heap size (-Xmx/-Xms)
#   Decrease number of Java threads
#   Decrease Java thread stack sizes (-Xss)
#   Set larger code cache with -XX:ReservedCodeCacheSize=
#   JVM is running with Zero Based Compressed Oops mode in which the Java heap is
#     placed in the first 32GB address space. The Java Heap base address is the
#     maximum limit for the native heap growth. Please use -XX:HeapBaseMinAddress
#     to set the Java Heap base and to place the Java Heap above 32GB virtual address.
# This output file may be truncated or incomplete.
#
#  Out of Memory Error (os_windows.cpp:3707), pid=16208, tid=13668
#
# JRE version:  (23.0.2+7) (build )
# Java VM: Java HotSpot(TM) 64-Bit Server VM (23.0.2+7-58, mixed mode, sharing, tiered, compressed oops, compressed class ptrs, g1 gc, windows-amd64)
# No core dump will be written. Minidumps are not enabled by default on client versions of Windows
#

---------------  S U M M A R Y ------------

Command Line: 

Host: Intel(R) Core(TM) i5-8250U CPU @ 1.60GHz, 8 cores, 15G,  Windows 11 , 64 bit Build 22621 (10.0.22621.5262)
Time: Thu Jun 12 14:07:12 2025 SE Asia Standard Time elapsed time: 0.077114 seconds (0d 0h 0m 0s)

---------------  T H R E A D  ---------------

Current thread (0x000001a341d9c0a0):  JavaThread "Unknown thread" [_thread_in_vm, id=13668, stack(0x0000003270400000,0x0000003270500000) (1024K)]

Stack: [0x0000003270400000,0x0000003270500000]
Native frames: (J=compiled Java code, j=interpreted, Vv=VM code, C=native code)
V  [jvm.dll+0x6e0b99]  (no source info available)
V  [jvm.dll+0x87e2b3]  (no source info available)
V  [jvm.dll+0x88073e]  (no source info available)
V  [jvm.dll+0x880e13]  (no source info available)
V  [jvm.dll+0x27b006]  (no source info available)
V  [jvm.dll+0x6dd485]  (no source info available)
V  [jvm.dll+0x6d127a]  (no source info available)
V  [jvm.dll+0x35b50a]  (no source info available)
V  [jvm.dll+0x363916]  (no source info available)
V  [jvm.dll+0x34fe7e]  (no source info available)
V  [jvm.dll+0x350118]  (no source info available)
V  [jvm.dll+0x328aec]  (no source info available)
V  [jvm.dll+0x32978e]  (no source info available)
V  [jvm.dll+0x8449a5]  (no source info available)
V  [jvm.dll+0x3b9a08]  (no source info available)
V  [jvm.dll+0x82d68c]  (no source info available)
V  [jvm.dll+0x454f2e]  (no source info available)
V  [jvm.dll+0x456db1]  (no source info available)
C  [jli.dll+0x52a3]  (no source info available)
C  [ucrtbase.dll+0x29333]  (no source info available)
C  [KERNEL32.DLL+0x1259d]  (no source info available)
C  [ntdll.dll+0x5af58]  (no source info available)

Lock stack of current Java thread (top to bottom):


---------------  P R O C E S S  ---------------

Threads class SMR info:
_java_thread_list=0x00007ffc223d4618, length=0, elements={
}

Java Threads: ( => current thread )
Total: 0

Other Threads:
  0x000001a3441734b0 WorkerThread "GC Thread#0"                     [id=11800, stack(0x0000003270500000,0x0000003270600000) (1024K)]
  0x000001a344188bd0 ConcurrentGCThread "G1 Main Marker"            [id=14016, stack(0x0000003270600000,0x0000003270700000) (1024K)]
  0x000001a3441896e0 WorkerThread "G1 Conc#0"                       [id=19408, stack(0x0000003270700000,0x0000003270800000) (1024K)]

[error occurred during error reporting (printing all threads), id 0xc0000005, EXCEPTION_ACCESS_VIOLATION (0xc0000005) at pc=0x00007ffc21b1c0da]
VM state: not at safepoint (not fully initialized)

VM Mutex/Monitor currently owned by a thread:  ([mutex/lock_event])
[0x00007ffc22454988] Heap_lock - owner thread: 0x000001a341d9c0a0

Heap address: 0x0000000702000000, size: 4064 MB, Compressed Oops mode: Zero based, Oop shift amount: 3

CDS archive(s) mapped at: [0x0000000000000000-0x0000000000000000-0x0000000000000000), size 0, SharedBaseAddress: 0x0000000800000000, ArchiveRelocationMode: 1.
Narrow klass base: 0x0000000000000000, Narrow klass shift: 0, Narrow klass range: 0x0

GC Precious Log:
 CardTable entry size: 512
 Card Set container configuration: InlinePtr #cards 4 size 8 Array Of Cards #cards 16 size 48 Howl #buckets 8 coarsen threshold 3686 Howl Bitmap #cards 512 size 80 coarsen threshold 460 Card regions per heap region 1 cards per card region 4096

Heap:
 garbage-first heap   total reserved 4161536K, committed 0K, used 0K [0x0000000702000000, 0x0000000800000000)
  region size 2048K, 0 young (0K), 0 survivors (0K)

[error occurred during error reporting (printing heap information), id 0xc0000005, EXCEPTION_ACCESS_VIOLATION (0xc0000005) at pc=0x00007ffc21f1c6a9]
GC Heap History (0 events):
No events

Dll operation events (1 events):
Event: 0.046 Loaded shared library C:\Program Files\Java\jdk-23\bin\java.dll

Deoptimization events (0 events):
No events

Classes loaded (0 events):
No events

Classes unloaded (0 events):
No events

Classes redefined (0 events):
No events

Internal exceptions (0 events):
No events

VM Operations (0 events):
No events

Memory protections (0 events):
No events

Nmethod flushes (0 events):
No events

Events (0 events):
No events


Dynamic libraries:
0x00007ff7e9210000 - 0x00007ff7e9220000 	C:\Program Files\Java\jdk-23\bin\java.exe
0x00007ffcbf030000 - 0x00007ffcbf247000 	C:\WINDOWS\SYSTEM32\ntdll.dll
0x00007ffcbe080000 - 0x00007ffcbe144000 	C:\WINDOWS\System32\KERNEL32.DLL
0x00007ffcbc590000 - 0x00007ffcbc963000 	C:\WINDOWS\System32\KERNELBASE.dll
0x00007ffcb78f0000 - 0x00007ffcb7987000 	C:\WINDOWS\SYSTEM32\apphelp.dll
0x00007ffcbc120000 - 0x00007ffcbc231000 	C:\WINDOWS\System32\ucrtbase.dll
0x00007ffcb3530000 - 0x00007ffcb354b000 	C:\Program Files\Java\jdk-23\bin\VCRUNTIME140.dll
0x00007ffca46d0000 - 0x00007ffca46e7000 	C:\Program Files\Java\jdk-23\bin\jli.dll
0x00007ffcbd400000 - 0x00007ffcbd5b1000 	C:\WINDOWS\System32\USER32.dll
0x00007ffcbcc90000 - 0x00007ffcbccb6000 	C:\WINDOWS\System32\win32u.dll
0x00007ffcbe290000 - 0x00007ffcbe2b9000 	C:\WINDOWS\System32\GDI32.dll
0x00007ffcbcae0000 - 0x00007ffcbcc02000 	C:\WINDOWS\System32\gdi32full.dll
0x00007ffcbc240000 - 0x00007ffcbc2da000 	C:\WINDOWS\System32\msvcp_win.dll
0x00007ffca85f0000 - 0x00007ffca888b000 	C:\WINDOWS\WinSxS\amd64_microsoft.windows.common-controls_6595b64144ccf1df_6.0.22621.5262_none_2712bde373830908\COMCTL32.dll
0x00007ffcbcfb0000 - 0x00007ffcbd057000 	C:\WINDOWS\System32\msvcrt.dll
0x00007ffcbdf40000 - 0x00007ffcbdf71000 	C:\WINDOWS\System32\IMM32.DLL
0x00007ffcb76b0000 - 0x00007ffcb76bc000 	C:\Program Files\Java\jdk-23\bin\vcruntime140_1.dll
0x00007ffc82450000 - 0x00007ffc824de000 	C:\Program Files\Java\jdk-23\bin\msvcp140.dll
0x00007ffc217e0000 - 0x00007ffc22530000 	C:\Program Files\Java\jdk-23\bin\server\jvm.dll
0x00007ffcbe3b0000 - 0x00007ffcbe461000 	C:\WINDOWS\System32\ADVAPI32.dll
0x00007ffcbcf00000 - 0x00007ffcbcfa7000 	C:\WINDOWS\System32\sechost.dll
0x00007ffcbcab0000 - 0x00007ffcbcad8000 	C:\WINDOWS\System32\bcrypt.dll
0x00007ffcbd690000 - 0x00007ffcbd7a4000 	C:\WINDOWS\System32\RPCRT4.dll
0x00007ffcbdf80000 - 0x00007ffcbdff1000 	C:\WINDOWS\System32\WS2_32.dll
0x00007ffcbafb0000 - 0x00007ffcbaffd000 	C:\WINDOWS\SYSTEM32\POWRPROF.dll
0x00007ffcb7e80000 - 0x00007ffcb7eb4000 	C:\WINDOWS\SYSTEM32\WINMM.dll
0x00007ffcb86a0000 - 0x00007ffcb86aa000 	C:\WINDOWS\SYSTEM32\VERSION.dll
0x00007ffcbaf90000 - 0x00007ffcbafa3000 	C:\WINDOWS\SYSTEM32\UMPDC.dll
0x00007ffcbb250000 - 0x00007ffcbb268000 	C:\WINDOWS\SYSTEM32\kernel.appcore.dll
0x00007ffcb4cf0000 - 0x00007ffcb4cfa000 	C:\Program Files\Java\jdk-23\bin\jimage.dll
0x00007ffcb9bc0000 - 0x00007ffcb9df2000 	C:\WINDOWS\SYSTEM32\DBGHELP.DLL
0x00007ffcbd060000 - 0x00007ffcbd3f3000 	C:\WINDOWS\System32\combase.dll
0x00007ffcbe1b0000 - 0x00007ffcbe287000 	C:\WINDOWS\System32\OLEAUT32.dll
0x00007ffca70b0000 - 0x00007ffca70e2000 	C:\WINDOWS\SYSTEM32\dbgcore.DLL
0x00007ffcbc510000 - 0x00007ffcbc58b000 	C:\WINDOWS\System32\bcryptPrimitives.dll
0x00007ffc99ca0000 - 0x00007ffc99cbe000 	C:\Program Files\Java\jdk-23\bin\java.dll
0x00007ffcbd7b0000 - 0x00007ffcbd951000 	C:\WINDOWS\System32\ole32.dll
0x00007ffcbe470000 - 0x00007ffcbed0d000 	C:\WINDOWS\System32\SHELL32.dll
0x00007ffcbc970000 - 0x00007ffcbcaaf000 	C:\WINDOWS\System32\wintypes.dll

dbghelp: loaded successfully - version: 4.0.5 - missing functions: none
symbol engine: initialized successfully - sym options: 0x614 - pdb path: .;C:\Program Files\Java\jdk-23\bin;C:\WINDOWS\SYSTEM32;C:\WINDOWS\WinSxS\amd64_microsoft.windows.common-controls_6595b64144ccf1df_6.0.22621.5262_none_2712bde373830908;C:\Program Files\Java\jdk-23\bin\server

VM Arguments:
java_command: <unknown>
java_class_path (initial): <not set>
Launcher Type: SUN_STANDARD

[Global flags]
     intx CICompilerCount                          = 4                                         {product} {ergonomic}
     uint ConcGCThreads                            = 2                                         {product} {ergonomic}
     uint G1ConcRefinementThreads                  = 8                                         {product} {ergonomic}
   size_t G1HeapRegionSize                         = 2097152                                   {product} {ergonomic}
   size_t InitialHeapSize                          = 266338304                                 {product} {ergonomic}
   size_t MarkStackSize                            = 4194304                                   {product} {ergonomic}
   size_t MarkStackSizeMax                         = 536870912                                 {product} {ergonomic}
   size_t MaxHeapSize                              = 4261412864                                {product} {ergonomic}
   size_t MinHeapDeltaBytes                        = 2097152                                   {product} {ergonomic}
   size_t MinHeapSize                              = 8388608                                   {product} {ergonomic}
    uintx NonNMethodCodeHeapSize                   = 5832704                                {pd product} {ergonomic}
    uintx NonProfiledCodeHeapSize                  = 122945536                              {pd product} {ergonomic}
    uintx ProfiledCodeHeapSize                     = 122880000                              {pd product} {ergonomic}
    uintx ReservedCodeCacheSize                    = 251658240                              {pd product} {ergonomic}
     bool SegmentedCodeCache                       = true                                      {product} {ergonomic}
   size_t SoftMaxHeapSize                          = 4261412864                             {manageable} {ergonomic}
     bool UseCompressedOops                        = true                           {product lp64_product} {ergonomic}
     bool UseG1GC                                  = true                                      {product} {ergonomic}
     bool UseLargePagesIndividualAllocation        = false                                  {pd product} {ergonomic}

Logging:
Log output configuration:
 #0: stdout all=warning uptime,level,tags foldmultilines=false
 #1: stderr all=off uptime,level,tags foldmultilines=false

Environment Variables:
JAVA_HOME=C:\Program Files\Java\jdk-23
PATH=C:\WINDOWS\system32;C:\WINDOWS;C:\WINDOWS\System32\Wbem;C:\WINDOWS\System32\WindowsPowerShell\v1.0\;C:\WINDOWS\System32\OpenSSH\;E:\Git\cmd;C:\ProgramData\chocolatey\bin;C:\Program Files\nodejs\;C:\Program Files\Cloudflare\Cloudflare WARP\;C:\Users\Admin\AppData\Local\Programs\Python\Python313\Scripts\;C:\Users\Admin\AppData\Local\Programs\Python\Python313\;C:\Users\Admin\AppData\Local\Programs\Python\Launcher\;C:\platform-tools-latest-windows\platform-tools;E:\Microsoft VS Code\bin;C:\Users\Admin\AppData\Roaming\npm;C:\Program Files\nodejs;;%USERPROFILE%\AppData\Local\Microsoft\WindowsApps;c:\Users\Admin\AppData\Local\Programs\Trae\resources\app\bin\lib;C:\Users\Admin\.trae\tools\maven\latest\bin;C:\Users\Admin\.trae\tools\gradle\latest\bin
USERNAME=Admin
OS=Windows_NT
PROCESSOR_IDENTIFIER=Intel64 Family 6 Model 142 Stepping 10, GenuineIntel
TMP=C:\Users\Admin\AppData\Local\Temp
TEMP=C:\Users\Admin\AppData\Local\Temp




Periodic native trim disabled

---------------  S Y S T E M  ---------------

OS:
 Windows 11 , 64 bit Build 22621 (10.0.22621.5262)
OS uptime: 6 days 0:08 hours

CPU: total 8 (initial active 8) (4 cores per cpu, 2 threads per core) family 6 model 142 stepping 10 microcode 0xe0, cx8, cmov, fxsr, ht, mmx, 3dnowpref, sse, sse2, sse3, ssse3, sse4.1, sse4.2, popcnt, lzcnt, tsc, tscinvbit, avx, avx2, aes, erms, clmul, bmi1, bmi2, adx, fma, vzeroupper, clflush, clflushopt, rdtscp, f16c
Processor Information for the first 8 processors :
  Max Mhz: 1800, Current Mhz: 1600, Mhz Limit: 1584

Memory: 4k page, system-wide physical 16249M (831M free)
TotalPageFile size 20844M (AvailPageFile size 157M)
current process WorkingSet (physical memory assigned to process): 13M, peak: 13M
current process commit charge ("private bytes"): 61M, peak: 314M

vm_info: Java HotSpot(TM) 64-Bit Server VM (23.0.2+7-58) for windows-amd64 JRE (23.0.2+7-58), built on 2024-11-29T09:34:55Z with MS VC++ 17.6 (VS2022)

END.
